TN:
SF:src/controllers/usercontroller.ts
FN:6,(anonymous_7)
FN:12,(anonymous_8)
FN:12,(anonymous_9)
FN:22,(anonymous_10)
FN:22,(anonymous_11)
FNF:5
FNH:3
FNDA:1,(anonymous_7)
FNDA:0,(anonymous_8)
FNDA:0,(anonymous_9)
FNDA:3,(anonymous_10)
FNDA:3,(anonymous_11)
DA:1,1
DA:4,1
DA:6,1
DA:7,1
DA:8,1
DA:9,1
DA:12,1
DA:13,0
DA:14,0
DA:16,0
DA:18,0
DA:22,3
DA:23,3
DA:24,3
DA:26,3
DA:27,1
DA:30,2
DA:40,2
DA:41,1
DA:44,1
DA:46,1
DA:48,0
LF:22
LH:17
BRDA:6,0,0,1
BRDA:6,0,1,1
BRDA:26,1,0,1
BRDA:40,2,0,1
BRF:4
BRH:4
end_of_record
